ci-1415 1 ci-2833
ci-1539 2 ci-5043 ci-5540
ci-1574 4 ci-2222 ci-3216 ci-3569 ci-5540
ci-1810 2 ci-3916 ci-4794
ci-1825 2 ci-3569 ci-3793
ci-1925 2 ci-4157 ci-4581
ci-2029 1 ci-4794
ci-2222 2 ci-3001 ci-5484
ci-2407 0
ci-2576 2 ci-1810 ci-5484
ci-2833 0
ci-2955 2 ci-3505 ci-5098
ci-3001 1 ci-3644
ci-3216 3 ci-3644 ci-5484 ci-5937
ci-3505 2 ci-2407 ci-2833
ci-3569 3 ci-1925 ci-3001 ci-5484
ci-3644 2 ci-4157 ci-5565
ci-3793 3 ci-2576 ci-3001 ci-3216
ci-3916 2 ci-2955 ci-4737
ci-4157 1 ci-1810
ci-4581 2 ci-3916 ci-4794
ci-4737 2 ci-1415 ci-3505
ci-4794 2 ci-4737 ci-5098
ci-5043 2 ci-2222 ci-3793
ci-5098 2 ci-1415 ci-2407
ci-5263 3 ci-2222 ci-3216 ci-5540
ci-5484 1 ci-5565
ci-5540 4 ci-1925 ci-2576 ci-3001 ci-5937
ci-5565 2 ci-2029 ci-4581
ci-5937 2 ci-4157 ci-5565
