ci-1028 2 ci-1155 ci-1410
ci-1037 2 ci-1853 ci-5035
ci-1062 2 ci-1410 ci-3283
ci-1066 2 ci-4280 ci-4847
ci-1155 1 ci-3283
ci-1313 3 ci-3274 ci-3943 ci-5895
ci-1410 0
ci-1698 2 ci-1028 ci-1062
ci-1853 2 ci-1062 ci-1155
ci-2099 2 ci-1037 ci-3276
ci-2423 1 ci-3302
ci-3274 4 ci-2423 ci-3286 ci-3563 ci-3858
ci-3276 2 ci-1698 ci-5035
ci-3283 0
ci-3286 2 ci-4146 ci-5718
ci-3302 2 ci-1066 ci-4146
ci-3563 3 ci-4280 ci-4847 ci-5375
ci-3858 1 ci-4937
ci-3943 2 ci-3858 ci-5276
ci-4146 1 ci-1037
ci-4280 1 ci-2099
ci-4847 2 ci-1853 ci-3276
ci-4860 2 ci-3858 ci-5895
ci-4937 2 ci-3302 ci-5718
ci-5035 2 ci-1028 ci-1062
ci-5276 3 ci-2423 ci-3286 ci-4937
ci-5375 1 ci-2099
ci-5718 2 ci-1066 ci-5375
ci-5895 2 ci-3286 ci-4937
ci-5949 1 ci-1066
