ci-1025 2 ci-3599 ci-5584
ci-1172 1 ci-2148
ci-1179 2 ci-1483 ci-3159
ci-1209 3 ci-3061 ci-4629 ci-5371
ci-1243 3 ci-3545 ci-3998 ci-5076
ci-1262 2 ci-1913 ci-2250
ci-1398 2 ci-4351 ci-5872
ci-1461 3 ci-1765 ci-2893 ci-5529
ci-1483 0
ci-1517 2 ci-1172 ci-1713
ci-1528 1 ci-3159
ci-1627 3 ci-1398 ci-4486 ci-5984
ci-1664 3 ci-2148 ci-4231 ci-5782
ci-1713 2 ci-5381 ci-5675
ci-1721 3 ci-1972 ci-2250 ci-4932
ci-1765 3 ci-1627 ci-4555 ci-5099
ci-1815 1 ci-2250
ci-1913 2 ci-1972 ci-2093
ci-1943 2 ci-2262 ci-4600
ci-1972 2 ci-1025 ci-5732
ci-2075 3 ci-2486 ci-4706 ci-4996
ci-2081 2 ci-4554 ci-4606
ci-2093 3 ci-3599 ci-4932 ci-5732
ci-2148 2 ci-3545 ci-3911
ci-2250 1 ci-1025
ci-2262 2 ci-1483 ci-1528
ci-2328 2 ci-2081 ci-2497
ci-2341 3 ci-2486 ci-4996 ci-4997
ci-2362 1 ci-2893
ci-2368 1 ci-2987
ci-2413 3 ci-2362 ci-4411 ci-4555
ci-2439 2 ci-2842 ci-4071
ci-2486 1 ci-4351
ci-2497 2 ci-4554 ci-5791
ci-2508 3 ci-1209 ci-3018 ci-5444
ci-2649 2 ci-3957 ci-4628
ci-2728 2 ci-3933 ci-4600
ci-2842 2 ci-1943 ci-2728
ci-2893 1 ci-5119
ci-2987 2 ci-2328 ci-5091
ci-3014 3 ci-1209 ci-5367 ci-5444
ci-3018 2 ci-2649 ci-3061
ci-3060 3 ci-2842 ci-3212 ci-4071
ci-3061 2 ci-2368 ci-3446
ci-3091 2 ci-1627 ci-4555
ci-3159 0
ci-3212 1 ci-3873
ci-3446 1 ci-5091
ci-3545 2 ci-3885 ci-5529
ci-3599 2 ci-2508 ci-3014
ci-3873 2 ci-1943 ci-3933
ci-3885 2 ci-1765 ci-2413
ci-3911 2 ci-1461 ci-3091
ci-3933 2 ci-1179 ci-2262
ci-3957 2 ci-2081 ci-4798
ci-3998 2 ci-2413 ci-3091
ci-4071 2 ci-2728 ci-3873
ci-4138 2 ci-2362 ci-4411
ci-4182 3 ci-3545 ci-5076 ci-5522
ci-4231 2 ci-5522 ci-5675
ci-4351 1 ci-1262
ci-4411 2 ci-5099 ci-5119
ci-4486 1 ci-2075
ci-4554 2 ci-3060 ci-5640
ci-4555 1 ci-5466
ci-4567 1 ci-4486
ci-4572 2 ci-1398 ci-2075
ci-4600 2 ci-1179 ci-1528
ci-4606 2 ci-5640 ci-5791
ci-4628 1 ci-2328
ci-4629 3 ci-2649 ci-2987 ci-3446
ci-4706 2 ci-4997 ci-5872
ci-4798 2 ci-2497 ci-4606
ci-4932 2 ci-2508 ci-5584
ci-4996 2 ci-1721 ci-4351
ci-4997 2 ci-1262 ci-1815
ci-5068 4 ci-1517 ci-4138 ci-5522 ci-5782
ci-5076 2 ci-2413 ci-5529
ci-5091 1 ci-3957
ci-5099 2 ci-5466 ci-5984
ci-5119 2 ci-1627 ci-5931
ci-5149 2 ci-4182 ci-5068
ci-5161 2 ci-4138 ci-4182
ci-5367 3 ci-2987 ci-3446 ci-4628
ci-5371 3 ci-2368 ci-2649 ci-3446
ci-5381 3 ci-3885 ci-3911 ci-5076
ci-5444 2 ci-4629 ci-5371
ci-5466 3 ci-4567 ci-4572 ci-5931
ci-5522 2 ci-2362 ci-3911
ci-5529 2 ci-1627 ci-4555
ci-5584 3 ci-3061 ci-5367 ci-5371
ci-5640 3 ci-2842 ci-3212 ci-4071
ci-5675 1 ci-1243
ci-5732 3 ci-2508 ci-3014 ci-5584
ci-5782 1 ci-3545
ci-5791 2 ci-2439 ci-3060
ci-5832 2 ci-2341 ci-5872
ci-5872 1 ci-1721
ci-5931 2 ci-1398 ci-5832
ci-5984 2 ci-2075 ci-5832
