ci-1004 4 ci-1302 ci-3872 ci-5574 ci-5774
ci-1023 2 ci-2260 ci-4226
ci-1165 2 ci-1171 ci-2041
ci-1171 2 ci-3369 ci-4850
ci-1187 2 ci-3031 ci-3273
ci-1188 2 ci-3346 ci-4293
ci-1199 2 ci-4654 ci-5254
ci-1221 2 ci-1352 ci-4306
ci-1302 4 ci-1221 ci-2790 ci-3199 ci-5949
ci-1352 2 ci-1406 ci-5580
ci-1406 1 ci-4091
ci-1412 3 ci-2003 ci-2652 ci-4683
ci-1513 1 ci-4315
ci-1530 3 ci-1406 ci-3334 ci-3561
ci-1551 3 ci-2651 ci-3131 ci-4969
ci-1597 2 ci-1731 ci-3587
ci-1658 2 ci-1858 ci-2990
ci-1682 3 ci-1658 ci-1725 ci-3005
ci-1690 2 ci-2003 ci-2652
ci-1725 2 ci-2651 ci-2889
ci-1731 1 ci-5296
ci-1762 0
ci-1775 3 ci-1188 ci-2045 ci-4918
ci-1858 2 ci-1597 ci-1953
ci-1911 2 ci-3031 ci-3313
ci-1922 3 ci-1597 ci-2651 ci-2728
ci-1953 2 ci-1731 ci-3587
ci-2003 2 ci-1165 ci-5128
ci-2007 2 ci-4654 ci-4701
ci-2041 2 ci-1187 ci-3369
ci-2045 2 ci-2412 ci-4293
ci-2101 2 ci-3872 ci-5574
ci-2123 2 ci-2871 ci-4091
ci-2213 0
ci-2260 2 ci-1199 ci-4900
ci-2412 2 ci-2822 ci-3346
ci-2651 1 ci-1953
ci-2652 2 ci-4673 ci-5616
ci-2728 2 ci-1023 ci-4510
ci-2737 2 ci-1188 ci-4918
ci-2786 1 ci-5949
ci-2790 3 ci-1406 ci-3334 ci-3561
ci-2822 1 ci-4047
ci-2827 3 ci-3872 ci-5574 ci-5997
ci-2871 3 ci-1551 ci-1725 ci-1922
ci-2889 1 ci-3587
ci-2990 3 ci-3131 ci-4969 ci-5536
ci-3005 2 ci-1551 ci-2990
ci-3031 2 ci-2213 ci-3508
ci-3053 2 ci-1221 ci-2101
ci-3131 2 ci-2889 ci-5296
ci-3168 3 ci-1682 ci-4091 ci-5876
ci-3199 2 ci-1530 ci-5580
ci-3273 2 ci-3313 ci-3508
ci-3313 2 ci-1762 ci-2213
ci-3334 3 ci-1551 ci-1658 ci-4512
ci-3346 2 ci-3801 ci-5620
ci-3369 2 ci-1911 ci-3273
ci-3508 1 ci-1762
ci-3545 3 ci-1302 ci-2101 ci-5997
ci-3561 3 ci-2871 ci-4091 ci-5876
ci-3587 2 ci-1023 ci-4510
ci-3801 2 ci-1412 ci-1690
ci-3872 3 ci-2790 ci-3199 ci-5474
ci-4047 2 ci-1690 ci-5620
ci-4091 3 ci-1658 ci-3005 ci-4512
ci-4136 4 ci-2790 ci-5574 ci-5774 ci-5835
ci-4226 2 ci-4701 ci-4869
ci-4293 1 ci-5929
ci-4306 3 ci-1406 ci-2871 ci-5876
ci-4315 2 ci-2045 ci-2737
ci-4441 2 ci-1775 ci-2737
ci-4510 2 ci-1199 ci-5952
ci-4512 1 ci-1725
ci-4654 1 ci-1513
ci-4673 2 ci-1171 ci-5128
ci-4683 2 ci-4673 ci-5616
ci-4701 1 ci-5254
ci-4850 2 ci-1187 ci-1911
ci-4869 1 ci-5952
ci-4900 2 ci-2007 ci-5952
ci-4918 2 ci-3346 ci-5929
ci-4969 2 ci-1597 ci-2728
ci-5128 2 ci-2041 ci-4850
ci-5254 1 ci-4441
ci-5296 3 ci-2260 ci-4226 ci-4510
ci-5474 2 ci-5511 ci-5949
ci-5511 3 ci-2123 ci-3334 ci-5876
ci-5536 2 ci-1922 ci-2889
ci-5574 2 ci-1352 ci-5949
ci-5580 2 ci-3334 ci-3561
ci-5616 2 ci-1165 ci-5128
ci-5620 2 ci-2003 ci-4683
ci-5774 3 ci-5511 ci-5580 ci-5949
ci-5835 3 ci-2123 ci-5580 ci-5949
ci-5876 1 ci-2990
ci-5929 2 ci-2822 ci-3801
ci-5949 3 ci-3168 ci-3334 ci-4306
ci-5952 2 ci-1513 ci-5254
ci-5997 2 ci-2790 ci-5949
