ci-1045 3 ci-3479 ci-4001 ci-4044
ci-1107 1 ci-4400
ci-1226 2 ci-2129 ci-5961
ci-1261 2 ci-1830 ci-1904
ci-1317 3 ci-1524 ci-3146 ci-5485
ci-1333 3 ci-2655 ci-2890 ci-4144
ci-1336 2 ci-2474 ci-5062
ci-1390 1 ci-2600
ci-1492 3 ci-5574 ci-5824 ci-5985
ci-1524 2 ci-1390 ci-4237
ci-1542 2 ci-1317 ci-2399
ci-1562 1 ci-5760
ci-1587 2 ci-2363 ci-2667
ci-1594 1 ci-5760
ci-1659 2 ci-3889 ci-5427
ci-1687 2 ci-3817 ci-5470
ci-1772 1 ci-1333
ci-1830 1 ci-4597
ci-1904 2 ci-1587 ci-4597
ci-2005 3 ci-1524 ci-3146 ci-5485
ci-2012 2 ci-3240 ci-5427
ci-2129 2 ci-3416 ci-5281
ci-2227 2 ci-1659 ci-3240
ci-2305 2 ci-1524 ci-3276
ci-2363 1 ci-5695
ci-2399 3 ci-3146 ci-3276 ci-4430
ci-2454 2 ci-3616 ci-5281
ci-2474 1 ci-4001
ci-2539 0
ci-2562 3 ci-1594 ci-2655 ci-2848
ci-2579 2 ci-2562 ci-2890
ci-2583 3 ci-1333 ci-2848 ci-5179
ci-2600 2 ci-2129 ci-4010
ci-2655 3 ci-3346 ci-4014 ci-5264
ci-2667 2 ci-3817 ci-5695
ci-2848 2 ci-3346 ci-5264
ci-2866 1 ci-3479
ci-2890 4 ci-1594 ci-3474 ci-4014 ci-5264
ci-2997 3 ci-1542 ci-2005 ci-2305
ci-3016 2 ci-4338 ci-4740
ci-3094 2 ci-2583 ci-4488
ci-3146 1 ci-4237
ci-3240 3 ci-3313 ci-3889 ci-4595
ci-3276 3 ci-1390 ci-4237 ci-5485
ci-3313 2 ci-1772 ci-2562
ci-3330 2 ci-2012 ci-3094
ci-3346 2 ci-1562 ci-5642
ci-3416 1 ci-5839
ci-3474 2 ci-3346 ci-5849
ci-3479 1 ci-2997
ci-3491 2 ci-2539 ci-4400
ci-3584 2 ci-1830 ci-4715
ci-3616 1 ci-3866
ci-3656 2 ci-4597 ci-4715
ci-3671 2 ci-1317 ci-2399
ci-3817 3 ci-1045 ci-1336 ci-2866
ci-3827 3 ci-2579 ci-3889 ci-5427
ci-3866 2 ci-4740 ci-5853
ci-3889 2 ci-1772 ci-5893
ci-3964 2 ci-1904 ci-3584
ci-4001 4 ci-1542 ci-2005 ci-2305 ci-3671
ci-4010 1 ci-5961
ci-4012 3 ci-2012 ci-2579 ci-4812
ci-4014 3 ci-4603 ci-5760 ci-5849
ci-4044 4 ci-1542 ci-2005 ci-2305 ci-3671
ci-4125 2 ci-3313 ci-5179
ci-4126 2 ci-3240 ci-3827
ci-4144 4 ci-1594 ci-3474 ci-4603 ci-5264
ci-4237 2 ci-1226 ci-2600
ci-4338 2 ci-5853 ci-5881
ci-4400 0
ci-4430 2 ci-4237 ci-5485
ci-4488 3 ci-1562 ci-4014 ci-5264
ci-4595 4 ci-1594 ci-2848 ci-4488 ci-5179
ci-4597 2 ci-1687 ci-2363
ci-4603 2 ci-1587 ci-3584
ci-4715 1 ci-2667
ci-4740 2 ci-4871 ci-5881
ci-4812 3 ci-1659 ci-2562 ci-4595
ci-4827 3 ci-1659 ci-3240 ci-3827
ci-4871 2 ci-1107 ci-2539
ci-5062 2 ci-3479 ci-3671
ci-5179 2 ci-3346 ci-4014
ci-5264 1 ci-5849
ci-5281 2 ci-3016 ci-3866
ci-5427 1 ci-2583
ci-5470 2 ci-4044 ci-5062
ci-5485 2 ci-1226 ci-4010
ci-5574 2 ci-3827 ci-4595
ci-5642 3 ci-1261 ci-3656 ci-3964
ci-5695 4 ci-1045 ci-1336 ci-2866 ci-5470
ci-5760 2 ci-1261 ci-3584
ci-5824 3 ci-2227 ci-4812 ci-4827
ci-5839 2 ci-3016 ci-3616
ci-5849 1 ci-5642
ci-5853 2 ci-3491 ci-4871
ci-5881 2 ci-1107 ci-3491
ci-5893 4 ci-2655 ci-2890 ci-4144 ci-4488
ci-5961 2 ci-2454 ci-5839
ci-5985 3 ci-1659 ci-2012 ci-2579
