ci-1051 2 ci-2404 ci-3804
ci-1085 4 ci-1695 ci-2367 ci-5692 ci-5700
ci-1132 2 ci-1509 ci-2710
ci-1238 2 ci-1797 ci-5428
ci-1253 1 ci-3225
ci-1278 1 ci-1479
ci-1279 4 ci-1051 ci-1278 ci-3600 ci-5953
ci-1395 1 ci-1873
ci-1469 2 ci-3622 ci-4486
ci-1479 1 ci-2710
ci-1509 2 ci-2980 ci-4682
ci-1604 2 ci-2007 ci-2874
ci-1663 2 ci-2722 ci-4618
ci-1682 4 ci-1051 ci-1132 ci-1479 ci-5953
ci-1695 2 ci-1395 ci-2985
ci-1717 3 ci-1051 ci-1132 ci-5953
ci-1770 2 ci-1797 ci-2885
ci-1797 1 ci-4769
ci-1809 2 ci-2007 ci-2849
ci-1873 3 ci-2485 ci-3225 ci-4899
ci-1933 2 ci-2387 ci-3779
ci-1962 3 ci-1682 ci-3353 ci-5072
ci-2007 2 ci-3717 ci-4896
ci-2207 2 ci-1253 ci-2485
ci-2363 4 ci-3285 ci-4977 ci-5221 ci-5826
ci-2367 2 ci-4469 ci-4485
ci-2387 2 ci-4576 ci-4920
ci-2404 2 ci-1238 ci-2885
ci-2485 1 ci-1604
ci-2496 0
ci-2625 1 ci-5689
ci-2710 2 ci-2980 ci-3274
ci-2722 3 ci-1278 ci-1509 ci-4911
ci-2808 1 ci-2367
ci-2830 2 ci-4085 ci-5221
ci-2849 2 ci-3717 ci-4248
ci-2874 2 ci-2849 ci-4896
ci-2885 2 ci-4769 ci-5826
ci-2938 2 ci-2404 ci-3804
ci-2980 1 ci-5831
ci-2985 2 ci-1873 ci-2207
ci-3124 3 ci-1132 ci-3600 ci-5953
ci-3148 3 ci-2722 ci-3124 ci-4880
ci-3225 2 ci-1604 ci-3344
ci-3274 3 ci-2404 ci-4632 ci-5317
ci-3285 2 ci-1695 ci-2808
ci-3344 2 ci-1809 ci-2874
ci-3353 2 ci-1051 ci-3124
ci-3444 4 ci-1717 ci-1962 ci-2625 ci-3148
ci-3600 3 ci-1479 ci-1509 ci-3625
ci-3622 4 ci-1663 ci-1717 ci-1962 ci-5224
ci-3625 2 ci-2938 ci-4682
ci-3638 2 ci-2387 ci-5446
ci-3717 2 ci-1933 ci-3638
ci-3779 2 ci-4920 ci-5446
ci-3804 3 ci-1770 ci-2363 ci-4002
ci-3908 1 ci-5759
ci-3931 2 ci-1085 ci-2808
ci-4002 2 ci-3908 ci-5826
ci-4076 4 ci-1663 ci-3148 ci-4486 ci-5072
ci-4085 2 ci-4977 ci-5259
ci-4248 2 ci-3638 ci-4865
ci-4257 2 ci-2496 ci-5585
ci-4469 2 ci-1395 ci-2985
ci-4485 2 ci-1253 ci-1395
ci-4486 2 ci-1279 ci-5689
ci-4576 2 ci-2496 ci-4816
ci-4618 3 ci-1278 ci-1682 ci-3353
ci-4632 2 ci-3804 ci-5428
ci-4682 2 ci-3274 ci-5162
ci-4769 3 ci-2830 ci-3908 ci-4898
ci-4816 1 ci-5585
ci-4865 2 ci-2387 ci-3779
ci-4880 2 ci-1278 ci-5953
ci-4896 2 ci-1933 ci-4248
ci-4898 1 ci-2808
ci-4899 2 ci-1604 ci-1809
ci-4911 3 ci-2938 ci-4632 ci-5162
ci-4920 2 ci-4257 ci-4816
ci-4977 4 ci-1695 ci-2808 ci-5692 ci-5700
ci-5072 1 ci-3124
ci-5090 2 ci-3444 ci-3622
ci-5162 1 ci-1797
ci-5221 1 ci-5259
ci-5224 1 ci-2625
ci-5259 1 ci-3931
ci-5260 1 ci-5877
ci-5317 2 ci-1238 ci-3804
ci-5428 2 ci-2363 ci-5759
ci-5446 2 ci-4257 ci-4576
ci-5585 0
ci-5656 2 ci-5090 ci-5877
ci-5689 2 ci-2722 ci-4618
ci-5692 2 ci-2207 ci-4485
ci-5700 1 ci-4469
ci-5759 2 ci-3285 ci-4085
ci-5826 1 ci-5259
ci-5831 3 ci-1238 ci-2885 ci-5162
ci-5877 2 ci-1279 ci-3622
ci-5953 2 ci-3625 ci-4911
