ci-1062 2 ci-2002 ci-4910
ci-1111 3 ci-2635 ci-3958 ci-4237
ci-1137 1 ci-1062
ci-1193 2 ci-3636 ci-5029
ci-1217 0
ci-1237 2 ci-2548 ci-5165
ci-1295 1 ci-2961
ci-1351 2 ci-1217 ci-3533
ci-1354 2 ci-2759 ci-5547
ci-1385 3 ci-1193 ci-2995 ci-4029
ci-1509 2 ci-2282 ci-5266
ci-1573 2 ci-1351 ci-4367
ci-1624 4 ci-1111 ci-1996 ci-3795 ci-4191
ci-1777 2 ci-2992 ci-3741
ci-1804 2 ci-2918 ci-2992
ci-1879 2 ci-2327 ci-4607
ci-1971 2 ci-1237 ci-4789
ci-1996 2 ci-4237 ci-5259
ci-2002 3 ci-1777 ci-2139 ci-2179
ci-2134 2 ci-1777 ci-5128
ci-2139 2 ci-3741 ci-5547
ci-2179 3 ci-3428 ci-3513 ci-5979
ci-2185 3 ci-1879 ci-2239 ci-2561
ci-2239 2 ci-2327 ci-4607
ci-2282 2 ci-1996 ci-5240
ci-2327 2 ci-4053 ci-4250
ci-2548 1 ci-3080
ci-2561 3 ci-2327 ci-3514 ci-4098
ci-2635 1 ci-4062
ci-2643 2 ci-2185 ci-5214
ci-2709 4 ci-2961 ci-3299 ci-3823 ci-5796
ci-2759 2 ci-3428 ci-5249
ci-2918 3 ci-1624 ci-5240 ci-5266
ci-2961 2 ci-1971 ci-4835
ci-2967 3 ci-1354 ci-2918 ci-3212
ci-2992 2 ci-2759 ci-3212
ci-2995 2 ci-4789 ci-4835
ci-3080 3 ci-3357 ci-3480 ci-5382
ci-3122 1 ci-4911
ci-3212 2 ci-5222 ci-5547
ci-3299 3 ci-4029 ci-4789 ci-4835
ci-3323 2 ci-1777 ci-5128
ci-3357 1 ci-1137
ci-3395 1 ci-3480
ci-3428 2 ci-5240 ci-5266
ci-3480 3 ci-1137 ci-2134 ci-5774
ci-3513 2 ci-1624 ci-5266
ci-3514 2 ci-4250 ci-5412
ci-3533 0
ci-3636 1 ci-3357
ci-3741 3 ci-2918 ci-5222 ci-5249
ci-3794 2 ci-1217 ci-4367
ci-3795 2 ci-3856 ci-5259
ci-3804 1 ci-5699
ci-3805 3 ci-2548 ci-3395 ci-3636
ci-3818 3 ci-1971 ci-2995 ci-5029
ci-3823 3 ci-1193 ci-4029 ci-4835
ci-3856 2 ci-4062 ci-4237
ci-3958 3 ci-4062 ci-4718 ci-5209
ci-4029 2 ci-3805 ci-4466
ci-4053 2 ci-4662 ci-5412
ci-4062 1 ci-3804
ci-4098 2 ci-4053 ci-4250
ci-4191 2 ci-3856 ci-5259
ci-4237 3 ci-3804 ci-4718 ci-5209
ci-4250 2 ci-1573 ci-4662
ci-4367 1 ci-3533
ci-4414 3 ci-1385 ci-3818 ci-5796
ci-4466 3 ci-3357 ci-3395 ci-5382
ci-4607 2 ci-3514 ci-4098
ci-4642 1 ci-4942
ci-4662 2 ci-1351 ci-3794
ci-4718 2 ci-4942 ci-5865
ci-4789 2 ci-3636 ci-4466
ci-4835 2 ci-3805 ci-5165
ci-4910 3 ci-2139 ci-2179 ci-5128
ci-4911 2 ci-1193 ci-1971
ci-4942 3 ci-2185 ci-5214 ci-5221
ci-5029 1 ci-5165
ci-5128 2 ci-1804 ci-2967
ci-5144 4 ci-3122 ci-3299 ci-3818 ci-5796
ci-5165 2 ci-3080 ci-4466
ci-5181 1 ci-1624
ci-5209 3 ci-4642 ci-5629 ci-5699
ci-5214 2 ci-2561 ci-4607
ci-5221 3 ci-1879 ci-2239 ci-2561
ci-5222 2 ci-3428 ci-5181
ci-5240 2 ci-1111 ci-3795
ci-5249 3 ci-1509 ci-3513 ci-5979
ci-5259 2 ci-2635 ci-3958
ci-5266 4 ci-1111 ci-1996 ci-3795 ci-4191
ci-5382 1 ci-2134
ci-5412 2 ci-1573 ci-3794
ci-5547 4 ci-3428 ci-3513 ci-5181 ci-5979
ci-5629 1 ci-5865
ci-5699 2 ci-4942 ci-5865
ci-5774 3 ci-2002 ci-3323 ci-4910
ci-5796 2 ci-1193 ci-1237
ci-5865 2 ci-2643 ci-5221
ci-5979 3 ci-1111 ci-1996 ci-4191
