ci-1038 1 ci-4585
ci-1068 3 ci-3475 ci-4510 ci-4999
ci-1090 3 ci-1111 ci-3716 ci-4138
ci-1111 2 ci-2076 ci-2477
ci-1117 2 ci-2426 ci-4785
ci-1165 3 ci-1111 ci-4138 ci-5096
ci-1204 2 ci-3618 ci-4306
ci-1352 2 ci-5399 ci-5684
ci-1398 2 ci-1204 ci-1425
ci-1425 2 ci-4306 ci-4366
ci-1494 4 ci-1068 ci-2555 ci-4604 ci-5326
ci-1495 2 ci-1068 ci-4604
ci-1513 2 ci-2457 ci-5586
ci-1559 2 ci-1711 ci-3600
ci-1617 1 ci-3545
ci-1656 1 ci-2457
ci-1679 2 ci-1038 ci-1398
ci-1711 2 ci-1679 ci-3826
ci-1767 2 ci-2076 ci-3786
ci-1877 1 ci-1090
ci-1910 3 ci-4510 ci-5226 ci-5399
ci-1956 3 ci-2426 ci-3976 ci-4836
ci-1982 1 ci-5326
ci-2023 2 ci-1956 ci-5890
ci-2076 2 ci-3543 ci-4792
ci-2270 3 ci-1982 ci-4746 ci-5074
ci-2347 1 ci-5586
ci-2359 2 ci-2347 ci-2457
ci-2407 4 ci-1068 ci-1910 ci-4604 ci-4948
ci-2426 1 ci-3636
ci-2457 2 ci-2023 ci-3959
ci-2477 2 ci-3304 ci-3543
ci-2518 2 ci-1679 ci-3600
ci-2555 2 ci-1910 ci-4948
ci-2741 2 ci-2270 ci-5183
ci-2784 3 ci-1352 ci-3475 ci-5535
ci-2962 2 ci-2518 ci-4596
ci-3225 3 ci-1494 ci-1982 ci-2407
ci-3304 4 ci-2962 ci-3479 ci-3708 ci-5594
ci-3337 2 ci-5326 ci-5698
ci-3475 3 ci-2359 ci-4970 ci-5684
ci-3479 3 ci-1559 ci-2518 ci-4479
ci-3500 3 ci-3851 ci-4214 ci-5684
ci-3543 3 ci-2962 ci-3708 ci-3917
ci-3545 0
ci-3600 2 ci-1038 ci-3826
ci-3618 2 ci-1617 ci-5447
ci-3636 3 ci-1165 ci-1877 ci-5735
ci-3708 2 ci-2518 ci-4596
ci-3716 2 ci-3874 ci-5951
ci-3786 2 ci-3304 ci-4792
ci-3826 2 ci-1398 ci-4585
ci-3851 1 ci-2457
ci-3862 0
ci-3874 3 ci-2076 ci-2477 ci-3786
ci-3917 2 ci-3479 ci-5594
ci-3959 3 ci-1117 ci-1956 ci-5890
ci-3976 2 ci-3636 ci-4785
ci-4005 2 ci-1956 ci-5890
ci-4138 1 ci-1767
ci-4163 2 ci-1352 ci-3475
ci-4214 2 ci-4005 ci-5586
ci-4306 2 ci-4908 ci-5447
ci-4366 2 ci-3618 ci-4908
ci-4411 1 ci-5411
ci-4479 2 ci-1679 ci-3600
ci-4510 2 ci-4214 ci-4970
ci-4585 2 ci-1204 ci-4366
ci-4596 2 ci-1559 ci-4479
ci-4604 2 ci-1513 ci-2784
ci-4746 3 ci-1495 ci-2555 ci-5698
ci-4785 3 ci-1090 ci-5096 ci-5735
ci-4792 2 ci-2962 ci-3917
ci-4836 3 ci-1877 ci-5096 ci-5735
ci-4908 2 ci-1617 ci-3862
ci-4948 2 ci-2784 ci-4163
ci-4960 2 ci-1910 ci-5577
ci-4970 2 ci-2347 ci-3851
ci-4999 5 ci-1513 ci-1656 ci-3500 ci-4970 ci-5844
ci-5074 3 ci-2407 ci-2555 ci-4960
ci-5096 1 ci-3716
ci-5183 3 ci-1910 ci-1982 ci-5577
ci-5226 3 ci-1513 ci-3475 ci-3500
ci-5326 3 ci-4999 ci-5399 ci-5535
ci-5399 3 ci-1656 ci-2359 ci-5844
ci-5411 3 ci-2270 ci-3337 ci-5622
ci-5447 2 ci-3545 ci-3862
ci-5459 3 ci-3225 ci-5074 ci-5698
ci-5535 2 ci-2359 ci-4005
ci-5577 3 ci-4510 ci-4948 ci-5226
ci-5586 2 ci-1117 ci-5890
ci-5594 2 ci-2518 ci-4596
ci-5622 2 ci-3225 ci-5074
ci-5684 1 ci-4005
ci-5698 2 ci-2407 ci-5577
ci-5735 2 ci-1111 ci-3874
ci-5790 2 ci-3225 ci-5074
ci-5844 1 ci-4214
ci-5890 3 ci-2426 ci-3976 ci-4836
ci-5951 3 ci-2076 ci-2477 ci-3786
