ci-1023 2 ci-5067 ci-5162
ci-1129 2 ci-3920 ci-3940
ci-1325 1 ci-3263
ci-1411 4 ci-2701 ci-4175 ci-4239 ci-5181
ci-1452 2 ci-1947 ci-4791
ci-1465 3 ci-3923 ci-4036 ci-4098
ci-1471 2 ci-4602 ci-4937
ci-1472 4 ci-3525 ci-4175 ci-5181 ci-5237
ci-1504 1 ci-4098
ci-1531 1 ci-2201
ci-1536 2 ci-2228 ci-3786
ci-1569 2 ci-1411 ci-4791
ci-1653 2 ci-3235 ci-3940
ci-1780 2 ci-5174 ci-5299
ci-1806 2 ci-1954 ci-4260
ci-1947 3 ci-2686 ci-3855 ci-4054
ci-1954 3 ci-2576 ci-2753 ci-3817
ci-1984 1 ci-2573
ci-2036 2 ci-1465 ci-4453
ci-2201 3 ci-3355 ci-3445 ci-4216
ci-2228 2 ci-2587 ci-4182
ci-2391 2 ci-1411 ci-1472
ci-2457 2 ci-1129 ci-1653
ci-2573 3 ci-2576 ci-2753 ci-4102
ci-2576 1 ci-3244
ci-2579 2 ci-4453 ci-4602
ci-2587 1 ci-3047
ci-2686 1 ci-2391
ci-2701 3 ci-1806 ci-1984 ci-4370
ci-2753 2 ci-1325 ci-3244
ci-2769 3 ci-1806 ci-4074 ci-4370
ci-2866 0
ci-2999 2 ci-4453 ci-4937
ci-3047 2 ci-1780 ci-5141
ci-3086 0
ci-3101 2 ci-1129 ci-3235
ci-3235 2 ci-2866 ci-3920
ci-3244 1 ci-3946
ci-3263 2 ci-3591 ci-4289
ci-3274 4 ci-2579 ci-5162 ci-5422 ci-5468
ci-3355 2 ci-5098 ci-5158
ci-3430 2 ci-1569 ci-1947
ci-3445 1 ci-5770
ci-3474 2 ci-5098 ci-5158
ci-3521 2 ci-1452 ci-5072
ci-3525 3 ci-1954 ci-2573 ci-4260
ci-3582 1 ci-5422
ci-3591 3 ci-3786 ci-3825 ci-5528
ci-3786 2 ci-2587 ci-4792
ci-3817 3 ci-1325 ci-3244 ci-4947
ci-3825 2 ci-2228 ci-4792
ci-3855 3 ci-1411 ci-1472 ci-5886
ci-3918 2 ci-3474 ci-5770
ci-3920 1 ci-3086
ci-3923 3 ci-3355 ci-3445 ci-4216
ci-3940 2 ci-2866 ci-3086
ci-3946 2 ci-1536 ci-3591
ci-4036 2 ci-3521 ci-5158
ci-4054 5 ci-3525 ci-4074 ci-4175 ci-4370 ci-5237
ci-4074 1 ci-1984
ci-4098 2 ci-1531 ci-5946
ci-4102 1 ci-3817
ci-4122 3 ci-3355 ci-3474 ci-5770
ci-4175 3 ci-1954 ci-1984 ci-4260
ci-4182 2 ci-1780 ci-5230
ci-4216 1 ci-3474
ci-4239 2 ci-1954 ci-2573
ci-4260 2 ci-2753 ci-3817
ci-4289 3 ci-1536 ci-3825 ci-5528
ci-4370 3 ci-1954 ci-4102 ci-4260
ci-4453 3 ci-1531 ci-3918 ci-4036
ci-4602 4 ci-3918 ci-3923 ci-4036 ci-5946
ci-4652 2 ci-1531 ci-5946
ci-4791 3 ci-4054 ci-5181 ci-5886
ci-4792 2 ci-3047 ci-5884
ci-4937 3 ci-3923 ci-4036 ci-4098
ci-4947 1 ci-4289
ci-5039 2 ci-1411 ci-3525
ci-5067 1 ci-5156
ci-5072 1 ci-3430
ci-5098 3 ci-3521 ci-5039 ci-5449
ci-5141 2 ci-5230 ci-5299
ci-5156 4 ci-1504 ci-2999 ci-4602 ci-4652
ci-5158 3 ci-3430 ci-5039 ci-5838
ci-5162 1 ci-2999
ci-5174 2 ci-1653 ci-3101
ci-5181 1 ci-2769
ci-5230 2 ci-2457 ci-5174
ci-5237 3 ci-1806 ci-1984 ci-4239
ci-5299 2 ci-2457 ci-3101
ci-5422 3 ci-1465 ci-1471 ci-5156
ci-5449 2 ci-1452 ci-5838
ci-5463 2 ci-3521 ci-5770
ci-5468 2 ci-1465 ci-5067
ci-5528 2 ci-2228 ci-4792
ci-5770 3 ci-3430 ci-5039 ci-5449
ci-5838 3 ci-1569 ci-2686 ci-3855
ci-5884 2 ci-4182 ci-5141
ci-5886 3 ci-2701 ci-3525 ci-5237
ci-5946 2 ci-4122 ci-5463
