ci-1091 3 ci-3354 ci-4305 ci-5075
ci-1104 2 ci-3387 ci-4796
ci-1151 2 ci-5622 ci-5930
ci-1163 2 ci-4072 ci-4882
ci-1181 2 ci-2095 ci-5129
ci-1217 2 ci-1601 ci-3949
ci-1260 2 ci-4859 ci-5535
ci-1281 3 ci-1894 ci-3433 ci-4560
ci-1282 2 ci-3439 ci-5851
ci-1295 2 ci-1163 ci-3354
ci-1355 2 ci-2163 ci-2182
ci-1448 2 ci-1181 ci-4887
ci-1545 2 ci-1355 ci-4961
ci-1601 2 ci-2216 ci-5357
ci-1609 3 ci-1163 ci-4305 ci-4830
ci-1660 2 ci-3324 ci-4479
ci-1777 3 ci-3426 ci-3789 ci-5075
ci-1802 1 ci-5236
ci-1894 1 ci-1802
ci-2018 4 ci-1609 ci-3296 ci-4096 ci-5310
ci-2024 1 ci-5930
ci-2029 2 ci-2024 ci-5481
ci-2037 2 ci-4656 ci-5463
ci-2046 3 ci-2785 ci-3948 ci-4265
ci-2095 2 ci-1104 ci-2669
ci-2163 2 ci-5463 ci-5698
ci-2182 2 ci-2037 ci-5698
ci-2216 0
ci-2232 3 ci-1151 ci-4166 ci-5274
ci-2252 2 ci-1545 ci-4489
ci-2594 2 ci-3439 ci-5622
ci-2597 3 ci-1448 ci-1660 ci-5622
ci-2669 2 ci-2888 ci-4796
ci-2729 2 ci-1545 ci-4489
ci-2785 1 ci-2029
ci-2833 2 ci-2095 ci-5129
ci-2888 2 ci-4789 ci-5296
ci-2960 2 ci-5216 ci-5319
ci-3137 2 ci-2232 ci-2785
ci-3186 2 ci-2252 ci-4262
ci-3296 1 ci-1802
ci-3324 2 ci-2833 ci-4887
ci-3354 2 ci-2046 ci-3137
ci-3380 3 ci-1104 ci-2669 ci-5129
ci-3387 2 ci-2888 ci-5107
ci-3426 2 ci-2232 ci-3948
ci-3433 2 ci-1609 ci-3296
ci-3439 2 ci-1448 ci-4479
ci-3474 2 ci-1448 ci-5622
ci-3522 3 ci-1448 ci-4479 ci-5622
ci-3579 2 ci-1601 ci-5624
ci-3789 1 ci-3354
ci-3842 2 ci-1217 ci-5624
ci-3948 2 ci-1151 ci-3522
ci-3949 1 ci-5357
ci-4047 2 ci-1281 ci-5310
ci-4072 3 ci-2785 ci-3948 ci-4386
ci-4096 1 ci-3354
ci-4131 2 ci-2960 ci-5535
ci-4166 3 ci-2594 ci-3522 ci-4386
ci-4262 3 ci-1355 ci-4553 ci-4754
ci-4265 2 ci-1151 ci-4166
ci-4305 2 ci-3426 ci-4265
ci-4386 3 ci-2597 ci-3474 ci-5930
ci-4432 1 ci-5107
ci-4479 3 ci-1181 ci-2833 ci-4887
ci-4489 3 ci-1355 ci-4553 ci-4754
ci-4553 2 ci-2163 ci-2182
ci-4560 3 ci-1163 ci-3789 ci-4305
ci-4656 2 ci-4131 ci-4859
ci-4754 3 ci-2163 ci-2182 ci-4961
ci-4789 2 ci-2729 ci-3186
ci-4796 1 ci-4789
ci-4830 1 ci-3354
ci-4859 2 ci-2960 ci-5917
ci-4882 1 ci-2046
ci-4887 2 ci-4789 ci-5107
ci-4961 2 ci-5463 ci-5698
ci-5075 3 ci-2024 ci-2232 ci-5481
ci-5107 2 ci-3186 ci-5296
ci-5129 3 ci-3387 ci-4432 ci-4796
ci-5216 2 ci-1217 ci-3579
ci-5235 3 ci-1091 ci-3789 ci-4830
ci-5236 3 ci-1295 ci-1777 ci-5235
ci-5274 3 ci-1282 ci-2597 ci-3474
ci-5296 2 ci-2729 ci-4262
ci-5310 4 ci-1295 ci-3789 ci-4305 ci-5075
ci-5315 2 ci-1894 ci-2018
ci-5319 2 ci-3579 ci-3842
ci-5357 0
ci-5463 1 ci-1260
ci-5481 1 ci-5274
ci-5535 2 ci-5319 ci-5917
ci-5622 2 ci-2833 ci-5851
ci-5624 2 ci-2216 ci-3949
ci-5698 1 ci-4656
ci-5710 1 ci-2018
ci-5851 3 ci-1181 ci-3380 ci-4887
ci-5917 2 ci-3842 ci-5216
ci-5930 1 ci-1282
