ci-1012 2 ci-3626 ci-5103
ci-1101 2 ci-2360 ci-5249
ci-1178 2 ci-5562 ci-5862
ci-1202 2 ci-1441 ci-3291
ci-1209 2 ci-3048 ci-5611
ci-1441 2 ci-3311 ci-3957
ci-1472 3 ci-3442 ci-4670 ci-4963
ci-1535 1 ci-5639
ci-1617 1 ci-2761
ci-1628 2 ci-3326 ci-4845
ci-1655 2 ci-4670 ci-4963
ci-1823 2 ci-1441 ci-3291
ci-1887 1 ci-4289
ci-1928 2 ci-3604 ci-4995
ci-2012 2 ci-3442 ci-4670
ci-2051 2 ci-1655 ci-4927
ci-2087 3 ci-1887 ci-2849 ci-5085
ci-2132 2 ci-1628 ci-4135
ci-2179 3 ci-3657 ci-3796 ci-5025
ci-2224 1 ci-5043
ci-2272 1 ci-4290
ci-2322 1 ci-2855
ci-2360 2 ci-4163 ci-4701
ci-2380 1 ci-4732
ci-2465 2 ci-3831 ci-5562
ci-2497 1 ci-5163
ci-2558 4 ci-1887 ci-2849 ci-3676 ci-4729
ci-2561 1 ci-5043
ci-2686 0
ci-2740 1 ci-1535
ci-2761 3 ci-2740 ci-3722 ci-5957
ci-2812 2 ci-3722 ci-5957
ci-2849 4 ci-3796 ci-3934 ci-5025 ci-5317
ci-2855 2 ci-1441 ci-4931
ci-2890 3 ci-2179 ci-4289 ci-4729
ci-2911 1 ci-4622
ci-3048 4 ci-5113 ci-5130 ci-5301 ci-5352
ci-3132 4 ci-3048 ci-3604 ci-4606 ci-5639
ci-3280 2 ci-1655 ci-4927
ci-3291 3 ci-2380 ci-3311 ci-3957
ci-3311 2 ci-2051 ci-3280
ci-3326 2 ci-1101 ci-3374
ci-3374 2 ci-4163 ci-5249
ci-3442 4 ci-2561 ci-4927 ci-5194 ci-5383
ci-3565 2 ci-1178 ci-5103
ci-3604 1 ci-5130
ci-3626 2 ci-1178 ci-2465
ci-3657 2 ci-2497 ci-5085
ci-3676 3 ci-2272 ci-5025 ci-5163
ci-3722 3 ci-3048 ci-4932 ci-4995
ci-3796 3 ci-2272 ci-2497 ci-4718
ci-3829 4 ci-2849 ci-3676 ci-4289 ci-4729
ci-3831 2 ci-2686 ci-5032
ci-3934 3 ci-2497 ci-4718 ci-5591
ci-3957 3 ci-2012 ci-3280 ci-4732
ci-4135 1 ci-4845
ci-4163 2 ci-1012 ci-4428
ci-4289 3 ci-2497 ci-4718 ci-5025
ci-4290 2 ci-1202 ci-1823
ci-4428 2 ci-3565 ci-3626
ci-4606 2 ci-3829 ci-5113
ci-4622 3 ci-1887 ci-2179 ci-3829
ci-4670 2 ci-2224 ci-2561
ci-4701 2 ci-1012 ci-3565
ci-4711 1 ci-3829
ci-4718 2 ci-1823 ci-4931
ci-4729 3 ci-2497 ci-5025 ci-5085
ci-4732 2 ci-1472 ci-2051
ci-4735 4 ci-2087 ci-2558 ci-2911 ci-4711
ci-4845 2 ci-2360 ci-3374
ci-4874 2 ci-3326 ci-4135
ci-4927 1 ci-2224
ci-4931 3 ci-2012 ci-2380 ci-3311
ci-4932 3 ci-4711 ci-5113 ci-5301
ci-4963 3 ci-2224 ci-5194 ci-5383
ci-4995 3 ci-2087 ci-4622 ci-4711
ci-5025 2 ci-5156 ci-5591
ci-5032 0
ci-5043 2 ci-2132 ci-4874
ci-5085 4 ci-2272 ci-5156 ci-5317 ci-5591
ci-5103 2 ci-2465 ci-5862
ci-5113 3 ci-2179 ci-3934 ci-4289
ci-5130 2 ci-2890 ci-4735
ci-5156 2 ci-1202 ci-2855
ci-5163 2 ci-4290 ci-4931
ci-5194 2 ci-2132 ci-4874
ci-5249 2 ci-4428 ci-4701
ci-5301 2 ci-2087 ci-2911
ci-5317 3 ci-2322 ci-4718 ci-5163
ci-5352 2 ci-4622 ci-4711
ci-5367 3 ci-3604 ci-3722 ci-4606
ci-5383 2 ci-1101 ci-3374
ci-5411 1 ci-2686
ci-5562 2 ci-5032 ci-5411
ci-5591 3 ci-1202 ci-1823 ci-2322
ci-5611 2 ci-1928 ci-5957
ci-5639 2 ci-4932 ci-5130
ci-5862 2 ci-3831 ci-5411
ci-5951 3 ci-4606 ci-4995 ci-5639
ci-5957 3 ci-1535 ci-5352 ci-5951
