ci-1016 2 ci-3010 ci-4307
ci-1053 3 ci-3042 ci-3540 ci-4601
ci-1082 1 ci-3839
ci-1160 2 ci-4632 ci-5666
ci-1201 2 ci-4608 ci-4769
ci-1288 1 ci-1053
ci-1404 1 ci-5411
ci-1455 2 ci-3813 ci-5159
ci-1539 2 ci-2270 ci-5229
ci-1558 3 ci-1813 ci-3488 ci-5695
ci-1622 2 ci-1288 ci-4239
ci-1681 2 ci-1016 ci-5329
ci-1703 2 ci-1160 ci-4606
ci-1786 3 ci-1622 ci-2863 ci-3680
ci-1813 3 ci-1681 ci-2270 ci-5229
ci-1816 2 ci-1053 ci-4839
ci-1837 2 ci-2466 ci-4645
ci-1880 2 ci-4239 ci-5742
ci-1941 2 ci-3787 ci-5816
ci-2057 0
ci-2075 1 ci-2184
ci-2077 2 ci-3369 ci-5440
ci-2122 1 ci-2057
ci-2177 2 ci-2863 ci-5816
ci-2184 2 ci-2461 ci-4399
ci-2240 1 ci-3134
ci-2270 2 ci-3010 ci-5329
ci-2305 1 ci-1288
ci-2327 3 ci-1622 ci-1880 ci-2942
ci-2461 2 ci-2955 ci-4608
ci-2466 2 ci-3762 ci-5075
ci-2486 2 ci-2563 ci-5695
ci-2563 2 ci-1813 ci-3488
ci-2834 3 ci-2075 ci-3766 ci-4525
ci-2863 2 ci-1880 ci-2942
ci-2914 2 ci-1288 ci-4839
ci-2942 3 ci-3459 ci-5406 ci-5742
ci-2955 2 ci-4716 ci-5023
ci-3010 2 ci-1455 ci-4074
ci-3042 1 ci-4010
ci-3049 2 ci-2461 ci-5269
ci-3134 2 ci-1880 ci-2942
ci-3329 4 ci-3762 ci-3843 ci-4645 ci-5075
ci-3352 2 ci-1880 ci-5406
ci-3369 1 ci-1558
ci-3459 2 ci-1288 ci-4006
ci-3488 2 ci-1539 ci-1681
ci-3540 1 ci-5557
ci-3561 2 ci-1837 ci-3042
ci-3680 3 ci-4239 ci-5406 ci-5742
ci-3704 3 ci-3049 ci-4399 ci-5769
ci-3731 2 ci-3369 ci-5886
ci-3762 2 ci-2075 ci-5446
ci-3766 2 ci-4399 ci-5769
ci-3787 4 ci-2914 ci-3134 ci-3352 ci-3839
ci-3813 2 ci-2122 ci-4380
ci-3839 2 ci-1622 ci-2942
ci-3843 2 ci-4525 ci-5446
ci-3859 2 ci-2305 ci-4839
ci-3901 3 ci-1786 ci-2327 ci-5816
ci-4006 1 ci-5155
ci-4010 2 ci-3329 ci-4584
ci-4074 2 ci-2122 ci-5159
ci-4239 1 ci-4006
ci-4279 2 ci-3731 ci-5972
ci-4307 2 ci-3813 ci-4074
ci-4380 0
ci-4399 3 ci-1201 ci-2955 ci-5269
ci-4525 3 ci-2461 ci-4399 ci-5769
ci-4584 2 ci-1404 ci-2466
ci-4599 1 ci-5666
ci-4601 1 ci-5411
ci-4606 1 ci-1786
ci-4608 2 ci-2077 ci-4279
ci-4632 3 ci-2327 ci-3787 ci-5816
ci-4645 3 ci-2075 ci-3704 ci-5446
ci-4716 2 ci-4279 ci-4769
ci-4769 2 ci-2077 ci-3731
ci-4773 2 ci-1941 ci-5666
ci-4839 2 ci-3329 ci-3540
ci-5023 1 ci-4279
ci-5043 3 ci-1082 ci-3680 ci-4632
ci-5075 1 ci-2834
ci-5155 2 ci-1816 ci-3561
ci-5159 2 ci-2057 ci-4380
ci-5229 2 ci-1016 ci-5329
ci-5269 1 ci-4769
ci-5329 2 ci-1455 ci-4307
ci-5406 2 ci-3859 ci-4006
ci-5411 3 ci-3762 ci-4645 ci-5075
ci-5440 2 ci-1558 ci-2486
ci-5446 3 ci-2184 ci-3049 ci-3766
ci-5557 2 ci-1837 ci-4584
ci-5666 1 ci-3901
ci-5695 2 ci-1539 ci-1681
ci-5742 1 ci-3859
ci-5769 2 ci-4608 ci-4769
ci-5816 1 ci-3459
ci-5886 1 ci-2486
ci-5972 2 ci-3369 ci-5440
