ci-1027 2 ci-2079 ci-4053
ci-1044 3 ci-4682 ci-4724 ci-5889
ci-1089 3 ci-2676 ci-2713 ci-5594
ci-1159 1 ci-1044
ci-1225 2 ci-2467 ci-2886
ci-1231 3 ci-1159 ci-2407 ci-4872
ci-1274 2 ci-2413 ci-4053
ci-1322 2 ci-3176 ci-3691
ci-1376 3 ci-2676 ci-5252 ci-5594
ci-1504 1 ci-4819
ci-1668 1 ci-3017
ci-1730 2 ci-2886 ci-5237
ci-1813 2 ci-1027 ci-2811
ci-1940 2 ci-2077 ci-2603
ci-1957 2 ci-2443 ci-4375
ci-2024 1 ci-5310
ci-2031 4 ci-1044 ci-2321 ci-3531 ci-5930
ci-2077 3 ci-2091 ci-5666 ci-5669
ci-2079 2 ci-4128 ci-4726
ci-2091 1 ci-5063
ci-2103 2 ci-1813 ci-5257
ci-2124 2 ci-3100 ci-4683
ci-2226 2 ci-5055 ci-5666
ci-2266 2 ci-2077 ci-2226
ci-2321 3 ci-5023 ci-5689 ci-5889
ci-2331 3 ci-2321 ci-3640 ci-4724
ci-2384 1 ci-5024
ci-2407 2 ci-2321 ci-3531
ci-2413 2 ci-2811 ci-4128
ci-2443 2 ci-3617 ci-5966
ci-2467 2 ci-2443 ci-4233
ci-2579 4 ci-1044 ci-3766 ci-4840 ci-5930
ci-2603 2 ci-2226 ci-5669
ci-2676 1 ci-4817
ci-2708 3 ci-1504 ci-2735 ci-5641
ci-2713 1 ci-3028
ci-2735 3 ci-2226 ci-2384 ci-4781
ci-2811 1 ci-5896
ci-2857 1 ci-4819
ci-2886 2 ci-2443 ci-4375
ci-3017 3 ci-1274 ci-3480 ci-5252
ci-3028 2 ci-3381 ci-4703
ci-3100 2 ci-1225 ci-1730
ci-3176 0
ci-3381 1 ci-5257
ci-3387 4 ci-1159 ci-2031 ci-2331 ci-4872
ci-3439 3 ci-2708 ci-3640 ci-5828
ci-3480 1 ci-2103
ci-3531 3 ci-3819 ci-4682 ci-5889
ci-3564 2 ci-2024 ci-2124
ci-3617 2 ci-1322 ci-3645
ci-3631 1 ci-1089
ci-3640 4 ci-1504 ci-1940 ci-2857 ci-5689
ci-3645 2 ci-3691 ci-3870
ci-3691 0
ci-3766 2 ci-2708 ci-5023
ci-3819 2 ci-1504 ci-2735
ci-3870 1 ci-3176
ci-4036 2 ci-1089 ci-5252
ci-4053 2 ci-4128 ci-5896
ci-4128 2 ci-3564 ci-5137
ci-4233 2 ci-3645 ci-5966
ci-4273 2 ci-1044 ci-4872
ci-4375 2 ci-3617 ci-4233
ci-4596 2 ci-2031 ci-4875
ci-4632 3 ci-1159 ci-2407 ci-4872
ci-4682 3 ci-3640 ci-5641 ci-5828
ci-4683 2 ci-1225 ci-1957
ci-4703 2 ci-1813 ci-2413
ci-4724 2 ci-5023 ci-5828
ci-4726 2 ci-2024 ci-5137
ci-4781 2 ci-2091 ci-5666
ci-4804 3 ci-1376 ci-3631 ci-5606
ci-4817 3 ci-1274 ci-3028 ci-3480
ci-4819 4 ci-2384 ci-2603 ci-4781 ci-5960
ci-4840 3 ci-2266 ci-2331 ci-3531
ci-4872 5 ci-2321 ci-3640 ci-3819 ci-4724 ci-5930
ci-4875 2 ci-1231 ci-2579
ci-5023 2 ci-1504 ci-2857
ci-5024 2 ci-1668 ci-4036
ci-5055 2 ci-4804 ci-5024
ci-5063 2 ci-4036 ci-4804
ci-5137 2 ci-2124 ci-5310
ci-5237 2 ci-1957 ci-2467
ci-5252 2 ci-2103 ci-2713
ci-5257 2 ci-1027 ci-2413
ci-5310 2 ci-1730 ci-4683
ci-5434 2 ci-1231 ci-4632
ci-5594 2 ci-3028 ci-3480
ci-5606 2 ci-1089 ci-1668
ci-5641 3 ci-1940 ci-4819 ci-5689
ci-5666 1 ci-5063
ci-5669 2 ci-1668 ci-3631
ci-5689 1 ci-2226
ci-5828 3 ci-1940 ci-2735 ci-5689
ci-5889 2 ci-1504 ci-2077
ci-5896 2 ci-3564 ci-4726
ci-5930 2 ci-2708 ci-5828
ci-5960 4 ci-1376 ci-4036 ci-5606 ci-5669
ci-5966 2 ci-1322 ci-3870
