ci-1033 1 ci-2647
ci-1050 2 ci-1102 ci-2141
ci-1102 3 ci-4983 ci-5762 ci-5907
ci-1116 3 ci-1885 ci-2706 ci-5883
ci-1141 3 ci-2339 ci-3548 ci-4715
ci-1159 3 ci-1638 ci-1869 ci-5013
ci-1209 2 ci-2142 ci-4001
ci-1332 1 ci-2811
ci-1540 1 ci-4447
ci-1572 3 ci-1332 ci-1965 ci-5013
ci-1584 3 ci-2716 ci-3548 ci-5105
ci-1638 2 ci-2235 ci-4272
ci-1670 2 ci-2470 ci-4952
ci-1694 2 ci-1540 ci-2999
ci-1717 2 ci-2422 ci-5650
ci-1774 2 ci-2142 ci-4001
ci-1821 2 ci-2999 ci-5608
ci-1836 2 ci-3286 ci-4373
ci-1844 2 ci-4464 ci-4915
ci-1865 2 ci-1965 ci-3634
ci-1869 3 ci-1865 ci-2235 ci-2811
ci-1882 3 ci-1332 ci-2647 ci-4744
ci-1885 2 ci-2811 ci-5013
ci-1894 3 ci-1572 ci-1882 ci-3052
ci-1945 2 ci-1844 ci-4472
ci-1965 2 ci-3948 ci-4685
ci-1968 2 ci-1821 ci-4447
ci-2086 3 ci-1865 ci-3654 ci-4272
ci-2141 2 ci-5005 ci-5907
ci-2142 2 ci-1102 ci-5320
ci-2155 2 ci-1584 ci-4962
ci-2235 3 ci-3634 ci-3654 ci-4962
ci-2339 4 ci-1050 ci-1209 ci-4782 ci-5187
ci-2359 2 ci-1141 ci-3926
ci-2422 2 ci-1844 ci-4749
ci-2470 1 ci-4119
ci-2481 2 ci-1638 ci-1885
ci-2647 2 ci-2086 ci-2155
ci-2706 2 ci-2647 ci-2811
ci-2716 2 ci-2142 ci-5274
ci-2786 2 ci-1968 ci-5892
ci-2797 2 ci-1694 ci-5409
ci-2811 2 ci-3654 ci-4272
ci-2879 4 ci-1033 ci-1869 ci-4146 ci-4651
ci-2999 3 ci-3233 ci-3523 ci-3915
ci-3036 2 ci-4290 ci-5650
ci-3052 2 ci-1033 ci-4651
ci-3178 3 ci-1694 ci-5399 ci-5409
ci-3233 2 ci-4119 ci-4952
ci-3286 0
ci-3342 3 ci-1882 ci-2879 ci-5883
ci-3390 2 ci-4290 ci-5650
ci-3523 1 ci-1670
ci-3548 2 ci-1050 ci-5274
ci-3565 1 ci-4373
ci-3634 4 ci-1141 ci-1584 ci-4685 ci-5637
ci-3654 1 ci-3948
ci-3747 4 ci-1882 ci-3052 ci-4433 ci-5883
ci-3915 2 ci-2470 ci-4952
ci-3926 4 ci-1209 ci-3548 ci-4782 ci-5187
ci-3948 3 ci-1774 ci-2339 ci-3926
ci-4001 3 ci-4983 ci-5005 ci-5907
ci-4119 2 ci-1717 ci-3036
ci-4137 2 ci-1836 ci-5073
ci-4146 3 ci-1638 ci-1885 ci-2086
ci-4204 3 ci-2481 ci-2879 ci-3052
ci-4272 3 ci-1584 ci-4685 ci-4962
ci-4290 2 ci-1945 ci-2422
ci-4373 0
ci-4433 3 ci-1159 ci-2706 ci-4146
ci-4447 2 ci-3523 ci-5608
ci-4464 2 ci-4137 ci-4735
ci-4472 2 ci-4137 ci-4915
ci-4651 3 ci-1332 ci-2235 ci-2647
ci-4685 4 ci-1209 ci-3548 ci-4782 ci-5187
ci-4715 3 ci-1050 ci-5105 ci-5274
ci-4735 2 ci-1836 ci-3565
ci-4744 2 ci-1638 ci-1965
ci-4749 2 ci-4464 ci-4472
ci-4782 1 ci-2142
ci-4915 2 ci-4735 ci-5073
ci-4952 3 ci-1717 ci-3036 ci-3390
ci-4962 2 ci-2359 ci-5637
ci-4983 2 ci-2797 ci-5399
ci-5005 2 ci-2797 ci-5762
ci-5013 1 ci-2235
ci-5073 2 ci-3286 ci-3565
ci-5105 3 ci-1102 ci-4001 ci-5320
ci-5187 2 ci-2716 ci-5105
ci-5274 3 ci-1102 ci-2141 ci-4001
ci-5320 1 ci-2141
ci-5399 1 ci-2786
ci-5409 1 ci-1821
ci-5608 3 ci-1670 ci-3233 ci-3915
ci-5637 1 ci-3948
ci-5650 2 ci-1945 ci-4749
ci-5762 1 ci-3178
ci-5883 2 ci-1572 ci-4651
ci-5892 2 ci-2999 ci-5608
ci-5907 2 ci-2797 ci-3178
